<?xml version="1.0" encoding="UTF-8"?>
<!-- Generated by org.testng.reporters.JUnitReportReporter -->
<testsuite hostname="MSI" failures="1" tests="7" name="Parallel.ParallelRun" time="155.415" errors="0" timestamp="04 Aug 2021 04:51:23 GMT" skipped="0">
  <testcase classname="Parallel.ParallelRun" name="runScenario" time="22.152">
    <failure message="expected:&lt;Guru99 Bank[]&gt; but was:&lt;Guru99 Bank[s]&gt;" type="junit.framework.ComparisonFailure">
      <![CDATA[junit.framework.ComparisonFailure: expected:<Guru99 Bank[]> but was:<Guru99 Bank[s]>
at junit.framework.Assert.assertEquals(Assert.java:100)
at junit.framework.Assert.assertEquals(Assert.java:107)
at Parallel.LoginStepDef.user_verify_home_page_as_is_displayed(LoginStepDef.java:49)
at ✽.user verify home page as "Guru99 Banks" is displayed(file:///C:/Users/Mogalaiah%20Gannepaka/WorkSpaceForCucumberProject/Maven_Cucumber_TestNG/src/test/resources/Feature/Login.feature:20)
]]>
    </failure>
  </testcase> <!-- runScenario -->
  <testcase classname="Parallel.ParallelRun" name="runScenario" time="22.089"/>
  <testcase classname="Parallel.ParallelRun" name="runScenario" time="22.211"/>
  <testcase classname="Parallel.ParallelRun" name="runScenario" time="24.089"/>
  <testcase classname="Parallel.ParallelRun" name="runScenario" time="20.455"/>
  <testcase classname="Parallel.ParallelRun" name="runScenario" time="22.194"/>
  <testcase classname="Parallel.ParallelRun" name="runScenario" time="22.225"/>
</testsuite> <!-- Parallel.ParallelRun -->
