<?xml version="1.0" encoding="UTF-8"?>
<!-- Generated by org.testng.reporters.JUnitXMLReporter -->
<testsuite ignored="0" hostname="MSI" failures="1" tests="6" name="Parallal" time="16.973" errors="0" timestamp="28 May 2021 07:05:37 GMT">
  <testcase classname="TestCases.Test2" name="verifyLogInfunctionality" time="11.376"/>
  <testcase classname="TestCases.Test2" name="userClickOnMinistatementLink" time="0.691"/>
  <testcase classname="TestCases.Test2" name="userVerifyTransactionDetailsAreDislayedAccourdingToSelectedAccount" time="0.806"/>
  <testcase classname="TestCases.Test2" name="userLogOutFromApplication" time="2.47"/>
  <testcase classname="TestCases.Test2" name="quitDriver" time="0.699"/>
  <testcase classname="TestCases.Test2" name="quitDriver" time="0.716">
    <failure type="org.openqa.selenium.NoSuchSessionException" message="Session ID is null. Using WebDriver after calling quit()?
Build info: version: &amp;apos;3.6.0&amp;apos;, revision: &amp;apos;6fbf3ec767&amp;apos;, time: &amp;apos;2017-09-27T15:28:36.4Z&amp;apos;
System info: host: &amp;apos;MSI&amp;apos;, ip: &amp;apos;192.168.43.116&amp;apos;, os.name: &amp;apos;Windows 10&amp;apos;, os.arch: &amp;apos;amd64&amp;apos;, os.version: &amp;apos;10.0&amp;apos;, java.version: &amp;apos;13.0.2&amp;apos;
Driver info: driver.version: RemoteWebDriver">
      <![CDATA[org.openqa.selenium.NoSuchSessionException: Session ID is null. Using WebDriver after calling quit()?
Build info: version: '3.6.0', revision: '6fbf3ec767', time: '2017-09-27T15:28:36.4Z'
System info: host: 'MSI', ip: '192.168.43.116', os.name: 'Windows 10', os.arch: 'amd64', os.version: '10.0', java.version: '13.0.2'
Driver info: driver.version: RemoteWebDriver
at org.openqa.selenium.remote.HttpCommandExecutor.execute(HttpCommandExecutor.java:131)
at org.openqa.selenium.remote.service.DriverCommandExecutor.execute(DriverCommandExecutor.java:83)
at org.openqa.selenium.remote.RemoteWebDriver.execute(RemoteWebDriver.java:586)
at org.openqa.selenium.remote.RemoteWebDriver.execute(RemoteWebDriver.java:643)
at org.openqa.selenium.remote.RemoteWebDriver.getScreenshotAs(RemoteWebDriver.java:328)
at ExtentReports.GenerateExtentReport.getScreenshot(GenerateExtentReport.java:32)
at TestNGListeners.Listeners.onTestSuccess(Listeners.java:26)
... Removed 22 stack frames]]>
    </failure>
  </testcase> <!-- quitDriver -->
</testsuite> <!-- Parallal -->
