<?xml version="1.0" encoding="UTF-8"?>
<!-- Generated by org.testng.reporters.JUnitXMLReporter -->
<testsuite ignored="0" hostname="MSI" failures="1" tests="4" name="Test1" time="9.516" errors="0" timestamp="09 May 2021 05:59:02 GMT">
  <testcase classname="TestCases.Test1" name="openBrowser" time="6.616"/>
  <testcase classname="TestCases.Test1" name="logIn" time="0.011"/>
  <testcase classname="TestCases.Test1" name="logOut" time="0.01">
    <failure type="junit.framework.ComparisonFailure" message="null expected:&amp;lt;[Mogal]&amp;gt; but was:&amp;lt;[Samrat]&amp;gt;">
      <![CDATA[junit.framework.ComparisonFailure: null expected:<[Mogal]> but was:<[Samrat]>
at junit.framework.Assert.assertEquals(Assert.java:81)
at junit.framework.Assert.assertEquals(Assert.java:87)
at TestCases.Test1.logOut(Test1.java:43)
... Removed 25 stack frames]]>
    </failure>
  </testcase> <!-- logOut -->
  <testcase classname="TestCases.Test1" name="Quite" time="0.94">
    <skipped/>
  </testcase> <!-- Quite -->
</testsuite> <!-- Test1 -->
