<?xml version="1.0" encoding="UTF-8"?>
<!-- Generated by org.testng.reporters.JUnitXMLReporter -->
<testsuite ignored="2" hostname="MSI" failures="1" tests="2" name="Test1(failed)" time="0.104" errors="0" timestamp="08 May 2021 08:54:06 GMT">
  <testcase classname="TestCases.Test1" name="logOut" time="0.03">
    <failure type="junit.framework.ComparisonFailure" message="null expected:&amp;lt;[Mogal]&amp;gt; but was:&amp;lt;[Samrat]&amp;gt;">
      <![CDATA[junit.framework.ComparisonFailure: null expected:<[Mogal]> but was:<[Samrat]>
at junit.framework.Assert.assertEquals(Assert.java:81)
at junit.framework.Assert.assertEquals(Assert.java:87)
at TestCases.Test1.logOut(Test1.java:25)
... Removed 25 stack frames]]>
    </failure>
  </testcase> <!-- logOut -->
  <testcase classname="TestCases.Test1" name="skiptestcases" time="0.003">
    <skipped/>
  </testcase> <!-- skiptestcases -->
  <testcase classname="TestCases.Test1" name="logIn" time="0.0">
    <ignored/>
  </testcase> <!-- logIn -->
  <testcase classname="TestCases.Test1" name="openBrowser" time="0.0">
    <ignored/>
  </testcase> <!-- openBrowser -->
</testsuite> <!-- Test1(failed) -->
