<?xml version="1.0" encoding="UTF-8"?>
<testng-results ignored="0" total="8" passed="8" failed="0" skipped="0">
  <reporter-output>
  </reporter-output>
  <suite started-at="2021-10-10T07:19:03Z" name="Default suite" finished-at="2021-10-10T07:22:02Z" duration-ms="179509">
    <groups>
      <group name="cucumber">
        <method signature="AbstractTestNGCucumberTests.runScenario(io.cucumber.testng.PickleWrapper, io.cucumber.testng.FeatureWrapper)[pri:0, instance:Parallel.ParallelRun@79e4c792]" name="runScenario" class="io.cucumber.testng.AbstractTestNGCucumberTests"/>
      </group> <!-- cucumber -->
    </groups>
    <test started-at="2021-10-10T07:19:03Z" name="Default test" finished-at="2021-10-10T07:22:02Z" duration-ms="179509">
      <class name="Parallel.ParallelRun">
        <test-method is-config="true" signature="setUpClass()[pri:0, instance:Parallel.ParallelRun@79e4c792]" started-at="2021-10-10T07:19:03Z" name="setUpClass" finished-at="2021-10-10T07:19:03Z" duration-ms="812" status="PASS">
          <reporter-output>
          </reporter-output>
        </test-method> <!-- setUpClass -->
        <test-method signature="runScenario(io.cucumber.testng.PickleWrapper, io.cucumber.testng.FeatureWrapper)[pri:0, instance:Parallel.ParallelRun@79e4c792]" started-at="2021-10-10T07:19:03Z" name="runScenario" description="Runs Cucumber Scenarios" data-provider="scenarios" finished-at="2021-10-10T07:19:14Z" duration-ms="11090" status="PASS">
          <params>
            <param index="0">
              <value>
                <![CDATA["Login With Valid UserName and Password"]]>
              </value>
            </param>
            <param index="1">
              <value>
                <![CDATA["Optional[Login Functionality]"]]>
              </value>
            </param>
          </params>
          <reporter-output>
          </reporter-output>
        </test-method> <!-- runScenario -->
        <test-method signature="runScenario(io.cucumber.testng.PickleWrapper, io.cucumber.testng.FeatureWrapper)[pri:0, instance:Parallel.ParallelRun@79e4c792]" started-at="2021-10-10T07:19:14Z" name="runScenario" description="Runs Cucumber Scenarios" data-provider="scenarios" finished-at="2021-10-10T07:19:25Z" duration-ms="10229" status="PASS">
          <params>
            <param index="0">
              <value>
                <![CDATA["Login With Valid UserName and Password through Data Table"]]>
              </value>
            </param>
            <param index="1">
              <value>
                <![CDATA["Optional[Login Functionality]"]]>
              </value>
            </param>
          </params>
          <reporter-output>
          </reporter-output>
        </test-method> <!-- runScenario -->
        <test-method signature="runScenario(io.cucumber.testng.PickleWrapper, io.cucumber.testng.FeatureWrapper)[pri:0, instance:Parallel.ParallelRun@79e4c792]" started-at="2021-10-10T07:19:25Z" name="runScenario" description="Runs Cucumber Scenarios" data-provider="scenarios" finished-at="2021-10-10T07:19:35Z" duration-ms="10582" status="PASS">
          <params>
            <param index="0">
              <value>
                <![CDATA["Login With Valid UserName and Password with Data Driven"]]>
              </value>
            </param>
            <param index="1">
              <value>
                <![CDATA["Optional[Login Functionality]"]]>
              </value>
            </param>
          </params>
          <reporter-output>
          </reporter-output>
        </test-method> <!-- runScenario -->
        <test-method signature="runScenario(io.cucumber.testng.PickleWrapper, io.cucumber.testng.FeatureWrapper)[pri:0, instance:Parallel.ParallelRun@79e4c792]" started-at="2021-10-10T07:19:35Z" name="runScenario" description="Runs Cucumber Scenarios" data-provider="scenarios" finished-at="2021-10-10T07:19:46Z" duration-ms="10990" status="PASS">
          <params>
            <param index="0">
              <value>
                <![CDATA["Verify MiniStatment Is Display"]]>
              </value>
            </param>
            <param index="1">
              <value>
                <![CDATA["Optional[MiniStatment Functionality]"]]>
              </value>
            </param>
          </params>
          <reporter-output>
          </reporter-output>
        </test-method> <!-- runScenario -->
        <test-method signature="runScenario(io.cucumber.testng.PickleWrapper, io.cucumber.testng.FeatureWrapper)[pri:0, instance:Parallel.ParallelRun@79e4c792]" started-at="2021-10-10T07:19:46Z" name="runScenario" description="Runs Cucumber Scenarios" data-provider="scenarios" finished-at="2021-10-10T07:19:58Z" duration-ms="11799" status="PASS">
          <params>
            <param index="0">
              <value>
                <![CDATA["Login With Valid UserName and Password through Data Table"]]>
              </value>
            </param>
            <param index="1">
              <value>
                <![CDATA["Optional[MiniStatment Functionality]"]]>
              </value>
            </param>
          </params>
          <reporter-output>
          </reporter-output>
        </test-method> <!-- runScenario -->
        <test-method signature="runScenario(io.cucumber.testng.PickleWrapper, io.cucumber.testng.FeatureWrapper)[pri:0, instance:Parallel.ParallelRun@79e4c792]" started-at="2021-10-10T07:19:58Z" name="runScenario" description="Runs Cucumber Scenarios" data-provider="scenarios" finished-at="2021-10-10T07:20:10Z" duration-ms="11953" status="PASS">
          <params>
            <param index="0">
              <value>
                <![CDATA["Verify MiniStatment Is Display With Data Driven"]]>
              </value>
            </param>
            <param index="1">
              <value>
                <![CDATA["Optional[MiniStatment Functionality]"]]>
              </value>
            </param>
          </params>
          <reporter-output>
          </reporter-output>
        </test-method> <!-- runScenario -->
        <test-method signature="runScenario(io.cucumber.testng.PickleWrapper, io.cucumber.testng.FeatureWrapper)[pri:0, instance:Parallel.ParallelRun@79e4c792]" started-at="2021-10-10T07:20:10Z" name="runScenario" description="Runs Cucumber Scenarios" data-provider="scenarios" finished-at="2021-10-10T07:20:22Z" duration-ms="11678" status="PASS">
          <params>
            <param index="0">
              <value>
                <![CDATA["Verify Transaction List Is Displayed"]]>
              </value>
            </param>
            <param index="1">
              <value>
                <![CDATA["Optional[Transaction List Functionality]"]]>
              </value>
            </param>
          </params>
          <reporter-output>
          </reporter-output>
        </test-method> <!-- runScenario -->
        <test-method signature="runScenario(io.cucumber.testng.PickleWrapper, io.cucumber.testng.FeatureWrapper)[pri:0, instance:Parallel.ParallelRun@79e4c792]" started-at="2021-10-10T07:20:22Z" name="runScenario" description="Runs Cucumber Scenarios" data-provider="scenarios" finished-at="2021-10-10T07:20:33Z" duration-ms="11112" status="PASS">
          <params>
            <param index="0">
              <value>
                <![CDATA["Verify Transaction List Is Displayed With Data Driven"]]>
              </value>
            </param>
            <param index="1">
              <value>
                <![CDATA["Optional[Transaction List Functionality]"]]>
              </value>
            </param>
          </params>
          <reporter-output>
          </reporter-output>
        </test-method> <!-- runScenario -->
        <test-method is-config="true" signature="tearDownClass()[pri:0, instance:Parallel.ParallelRun@79e4c792]" started-at="2021-10-10T07:20:33Z" name="tearDownClass" finished-at="2021-10-10T07:22:02Z" duration-ms="89227" status="PASS">
          <reporter-output>
          </reporter-output>
        </test-method> <!-- tearDownClass -->
      </class> <!-- Parallel.ParallelRun -->
    </test> <!-- Default test -->
  </suite> <!-- Default suite -->
</testng-results>
