<?xml version="1.0" encoding="UTF-8"?>
<testng-results ignored="0" total="8" passed="8" failed="0" skipped="0">
  <reporter-output>
  </reporter-output>
  <suite started-at="2021-08-14T09:55:40Z" name="Default suite" finished-at="2021-08-14T09:56:27Z" duration-ms="47651">
    <groups>
      <group name="cucumber">
        <method signature="AbstractTestNGCucumberTests.runScenario(io.cucumber.testng.PickleWrapper, io.cucumber.testng.FeatureWrapper)[pri:0, instance:Parallel.ParallelRun@7bba5817]" name="runScenario" class="io.cucumber.testng.AbstractTestNGCucumberTests"/>
      </group> <!-- cucumber -->
    </groups>
    <test started-at="2021-08-14T09:55:40Z" name="Default test" finished-at="2021-08-14T09:56:27Z" duration-ms="47651">
      <class name="Parallel.ParallelRun">
        <test-method is-config="true" signature="setUpClass()[pri:0, instance:Parallel.ParallelRun@7bba5817]" started-at="2021-08-14T09:55:40Z" name="setUpClass" finished-at="2021-08-14T09:55:41Z" duration-ms="913" status="PASS">
          <reporter-output>
          </reporter-output>
        </test-method> <!-- setUpClass -->
        <test-method signature="runScenario(io.cucumber.testng.PickleWrapper, io.cucumber.testng.FeatureWrapper)[pri:0, instance:Parallel.ParallelRun@7bba5817]" started-at="2021-08-14T09:55:41Z" name="runScenario" description="Runs Cucumber Scenarios" data-provider="scenarios" finished-at="2021-08-14T09:56:15Z" duration-ms="34008" status="PASS">
          <params>
            <param index="0">
              <value>
                <![CDATA["Login With Valid UserName and Password through Data Table"]]>
              </value>
            </param>
            <param index="1">
              <value>
                <![CDATA["Optional[Login Functionality]"]]>
              </value>
            </param>
          </params>
          <reporter-output>
          </reporter-output>
        </test-method> <!-- runScenario -->
        <test-method signature="runScenario(io.cucumber.testng.PickleWrapper, io.cucumber.testng.FeatureWrapper)[pri:0, instance:Parallel.ParallelRun@7bba5817]" started-at="2021-08-14T09:55:41Z" name="runScenario" description="Runs Cucumber Scenarios" data-provider="scenarios" finished-at="2021-08-14T09:56:19Z" duration-ms="38096" status="PASS">
          <params>
            <param index="0">
              <value>
                <![CDATA["Login With Valid UserName and Password through Data Table"]]>
              </value>
            </param>
            <param index="1">
              <value>
                <![CDATA["Optional[MiniStatment Functionality]"]]>
              </value>
            </param>
          </params>
          <reporter-output>
          </reporter-output>
        </test-method> <!-- runScenario -->
        <test-method signature="runScenario(io.cucumber.testng.PickleWrapper, io.cucumber.testng.FeatureWrapper)[pri:0, instance:Parallel.ParallelRun@7bba5817]" started-at="2021-08-14T09:55:41Z" name="runScenario" description="Runs Cucumber Scenarios" data-provider="scenarios" finished-at="2021-08-14T09:56:15Z" duration-ms="34193" status="PASS">
          <params>
            <param index="0">
              <value>
                <![CDATA["Verify MiniStatment Is Display"]]>
              </value>
            </param>
            <param index="1">
              <value>
                <![CDATA["Optional[MiniStatment Functionality]"]]>
              </value>
            </param>
          </params>
          <reporter-output>
          </reporter-output>
        </test-method> <!-- runScenario -->
        <test-method signature="runScenario(io.cucumber.testng.PickleWrapper, io.cucumber.testng.FeatureWrapper)[pri:0, instance:Parallel.ParallelRun@7bba5817]" started-at="2021-08-14T09:55:41Z" name="runScenario" description="Runs Cucumber Scenarios" data-provider="scenarios" finished-at="2021-08-14T09:56:17Z" duration-ms="36264" status="PASS">
          <params>
            <param index="0">
              <value>
                <![CDATA["Login With Valid UserName and Password with Data Driven"]]>
              </value>
            </param>
            <param index="1">
              <value>
                <![CDATA["Optional[Login Functionality]"]]>
              </value>
            </param>
          </params>
          <reporter-output>
          </reporter-output>
        </test-method> <!-- runScenario -->
        <test-method signature="runScenario(io.cucumber.testng.PickleWrapper, io.cucumber.testng.FeatureWrapper)[pri:0, instance:Parallel.ParallelRun@7bba5817]" started-at="2021-08-14T09:55:41Z" name="runScenario" description="Runs Cucumber Scenarios" data-provider="scenarios" finished-at="2021-08-14T09:56:15Z" duration-ms="34007" status="PASS">
          <params>
            <param index="0">
              <value>
                <![CDATA["Login With Valid UserName and Password"]]>
              </value>
            </param>
            <param index="1">
              <value>
                <![CDATA["Optional[Login Functionality]"]]>
              </value>
            </param>
          </params>
          <reporter-output>
          </reporter-output>
        </test-method> <!-- runScenario -->
        <test-method signature="runScenario(io.cucumber.testng.PickleWrapper, io.cucumber.testng.FeatureWrapper)[pri:0, instance:Parallel.ParallelRun@7bba5817]" started-at="2021-08-14T09:55:41Z" name="runScenario" description="Runs Cucumber Scenarios" data-provider="scenarios" finished-at="2021-08-14T09:56:15Z" duration-ms="34022" status="PASS">
          <params>
            <param index="0">
              <value>
                <![CDATA["Verify MiniStatment Is Display With Data Driven"]]>
              </value>
            </param>
            <param index="1">
              <value>
                <![CDATA["Optional[MiniStatment Functionality]"]]>
              </value>
            </param>
          </params>
          <reporter-output>
          </reporter-output>
        </test-method> <!-- runScenario -->
        <test-method signature="runScenario(io.cucumber.testng.PickleWrapper, io.cucumber.testng.FeatureWrapper)[pri:0, instance:Parallel.ParallelRun@7bba5817]" started-at="2021-08-14T09:55:41Z" name="runScenario" description="Runs Cucumber Scenarios" data-provider="scenarios" finished-at="2021-08-14T09:56:19Z" duration-ms="37831" status="PASS">
          <params>
            <param index="0">
              <value>
                <![CDATA["Verify Transaction List Is Displayed"]]>
              </value>
            </param>
            <param index="1">
              <value>
                <![CDATA["Optional[Transaction List Functionality]"]]>
              </value>
            </param>
          </params>
          <reporter-output>
          </reporter-output>
        </test-method> <!-- runScenario -->
        <test-method signature="runScenario(io.cucumber.testng.PickleWrapper, io.cucumber.testng.FeatureWrapper)[pri:0, instance:Parallel.ParallelRun@7bba5817]" started-at="2021-08-14T09:55:41Z" name="runScenario" description="Runs Cucumber Scenarios" data-provider="scenarios" finished-at="2021-08-14T09:56:17Z" duration-ms="36247" status="PASS">
          <params>
            <param index="0">
              <value>
                <![CDATA["Verify Transaction List Is Displayed With Data Driven"]]>
              </value>
            </param>
            <param index="1">
              <value>
                <![CDATA["Optional[Transaction List Functionality]"]]>
              </value>
            </param>
          </params>
          <reporter-output>
          </reporter-output>
        </test-method> <!-- runScenario -->
        <test-method is-config="true" signature="tearDownClass()[pri:0, instance:Parallel.ParallelRun@7bba5817]" started-at="2021-08-14T09:56:19Z" name="tearDownClass" finished-at="2021-08-14T09:56:27Z" duration-ms="8602" status="PASS">
          <reporter-output>
          </reporter-output>
        </test-method> <!-- tearDownClass -->
      </class> <!-- Parallel.ParallelRun -->
    </test> <!-- Default test -->
  </suite> <!-- Default suite -->
</testng-results>
