<?xml version="1.0" encoding="UTF-8"?>
<testng-results ignored="0" total="7" passed="6" failed="1" skipped="0">
  <reporter-output>
  </reporter-output>
  <suite started-at="2021-08-04T04:50:53Z" name="Default suite" finished-at="2021-08-04T04:51:23Z" duration-ms="30467">
    <groups>
      <group name="cucumber">
        <method signature="AbstractTestNGCucumberTests.runScenario(io.cucumber.testng.PickleWrapper, io.cucumber.testng.FeatureWrapper)[pri:0, instance:Parallel.ParallelRun@53fb3dab]" name="runScenario" class="io.cucumber.testng.AbstractTestNGCucumberTests"/>
      </group> <!-- cucumber -->
    </groups>
    <test started-at="2021-08-04T04:50:53Z" name="Default test" finished-at="2021-08-04T04:51:23Z" duration-ms="30467">
      <class name="Parallel.ParallelRun">
        <test-method is-config="true" signature="setUpClass()[pri:0, instance:Parallel.ParallelRun@53fb3dab]" started-at="2021-08-04T04:50:53Z" name="setUpClass" finished-at="2021-08-04T04:50:54Z" duration-ms="1052" status="PASS">
          <reporter-output>
          </reporter-output>
        </test-method> <!-- setUpClass -->
        <test-method signature="runScenario(io.cucumber.testng.PickleWrapper, io.cucumber.testng.FeatureWrapper)[pri:0, instance:Parallel.ParallelRun@53fb3dab]" started-at="2021-08-04T04:50:54Z" name="runScenario" description="Runs Cucumber Scenarios" data-provider="scenarios" finished-at="2021-08-04T04:51:16Z" duration-ms="22152" status="FAIL">
          <params>
            <param index="0">
              <value>
                <![CDATA["Login With Valid UserName and Password through Data Table"]]>
              </value>
            </param>
            <param index="1">
              <value>
                <![CDATA["Optional[Login Functionality]"]]>
              </value>
            </param>
          </params>
          <exception class="junit.framework.ComparisonFailure">
            <message>
              <![CDATA[expected:<Guru99 Bank[]> but was:<Guru99 Bank[s]>]]>
            </message>
            <full-stacktrace>
              <![CDATA[junit.framework.ComparisonFailure: expected:<Guru99 Bank[]> but was:<Guru99 Bank[s]>
at junit.framework.Assert.assertEquals(Assert.java:100)
at junit.framework.Assert.assertEquals(Assert.java:107)
at Parallel.LoginStepDef.user_verify_home_page_as_is_displayed(LoginStepDef.java:49)
at ✽.user verify home page as "Guru99 Banks" is displayed(file:///C:/Users/Mogalaiah%20Gannepaka/WorkSpaceForCucumberProject/Maven_Cucumber_TestNG/src/test/resources/Feature/Login.feature:20)
]]>
            </full-stacktrace>
          </exception> <!-- junit.framework.ComparisonFailure -->
          <reporter-output>
          </reporter-output>
        </test-method> <!-- runScenario -->
        <test-method signature="runScenario(io.cucumber.testng.PickleWrapper, io.cucumber.testng.FeatureWrapper)[pri:0, instance:Parallel.ParallelRun@53fb3dab]" started-at="2021-08-04T04:50:54Z" name="runScenario" description="Runs Cucumber Scenarios" data-provider="scenarios" finished-at="2021-08-04T04:51:16Z" duration-ms="22089" status="PASS">
          <params>
            <param index="0">
              <value>
                <![CDATA["Verify MiniStatment Is Display"]]>
              </value>
            </param>
            <param index="1">
              <value>
                <![CDATA["Optional[MiniStatment Functionality]"]]>
              </value>
            </param>
          </params>
          <reporter-output>
          </reporter-output>
        </test-method> <!-- runScenario -->
        <test-method signature="runScenario(io.cucumber.testng.PickleWrapper, io.cucumber.testng.FeatureWrapper)[pri:0, instance:Parallel.ParallelRun@53fb3dab]" started-at="2021-08-04T04:50:54Z" name="runScenario" description="Runs Cucumber Scenarios" data-provider="scenarios" finished-at="2021-08-04T04:51:18Z" duration-ms="24089" status="PASS">
          <params>
            <param index="0">
              <value>
                <![CDATA["Login With Valid UserName and Password with Data Driven"]]>
              </value>
            </param>
            <param index="1">
              <value>
                <![CDATA["Optional[Login Functionality]"]]>
              </value>
            </param>
          </params>
          <reporter-output>
          </reporter-output>
        </test-method> <!-- runScenario -->
        <test-method signature="runScenario(io.cucumber.testng.PickleWrapper, io.cucumber.testng.FeatureWrapper)[pri:0, instance:Parallel.ParallelRun@53fb3dab]" started-at="2021-08-04T04:50:54Z" name="runScenario" description="Runs Cucumber Scenarios" data-provider="scenarios" finished-at="2021-08-04T04:51:14Z" duration-ms="20455" status="PASS">
          <params>
            <param index="0">
              <value>
                <![CDATA["Login With Valid UserName and Password"]]>
              </value>
            </param>
            <param index="1">
              <value>
                <![CDATA["Optional[Login Functionality]"]]>
              </value>
            </param>
          </params>
          <reporter-output>
          </reporter-output>
        </test-method> <!-- runScenario -->
        <test-method signature="runScenario(io.cucumber.testng.PickleWrapper, io.cucumber.testng.FeatureWrapper)[pri:0, instance:Parallel.ParallelRun@53fb3dab]" started-at="2021-08-04T04:50:54Z" name="runScenario" description="Runs Cucumber Scenarios" data-provider="scenarios" finished-at="2021-08-04T04:51:16Z" duration-ms="22211" status="PASS">
          <params>
            <param index="0">
              <value>
                <![CDATA["Verify Transaction List Is Displayed"]]>
              </value>
            </param>
            <param index="1">
              <value>
                <![CDATA["Optional[Transaction List Functionality]"]]>
              </value>
            </param>
          </params>
          <reporter-output>
          </reporter-output>
        </test-method> <!-- runScenario -->
        <test-method signature="runScenario(io.cucumber.testng.PickleWrapper, io.cucumber.testng.FeatureWrapper)[pri:0, instance:Parallel.ParallelRun@53fb3dab]" started-at="2021-08-04T04:50:54Z" name="runScenario" description="Runs Cucumber Scenarios" data-provider="scenarios" finished-at="2021-08-04T04:51:16Z" duration-ms="22194" status="PASS">
          <params>
            <param index="0">
              <value>
                <![CDATA["Verify Transaction List Is Displayed With Data Driven"]]>
              </value>
            </param>
            <param index="1">
              <value>
                <![CDATA["Optional[Transaction List Functionality]"]]>
              </value>
            </param>
          </params>
          <reporter-output>
          </reporter-output>
        </test-method> <!-- runScenario -->
        <test-method signature="runScenario(io.cucumber.testng.PickleWrapper, io.cucumber.testng.FeatureWrapper)[pri:0, instance:Parallel.ParallelRun@53fb3dab]" started-at="2021-08-04T04:50:54Z" name="runScenario" description="Runs Cucumber Scenarios" data-provider="scenarios" finished-at="2021-08-04T04:51:16Z" duration-ms="22225" status="PASS">
          <params>
            <param index="0">
              <value>
                <![CDATA["Verify MiniStatment Is Display With Data Driven"]]>
              </value>
            </param>
            <param index="1">
              <value>
                <![CDATA["Optional[MiniStatment Functionality]"]]>
              </value>
            </param>
          </params>
          <reporter-output>
          </reporter-output>
        </test-method> <!-- runScenario -->
        <test-method is-config="true" signature="tearDownClass()[pri:0, instance:Parallel.ParallelRun@53fb3dab]" started-at="2021-08-04T04:51:18Z" name="tearDownClass" finished-at="2021-08-04T04:51:23Z" duration-ms="5291" status="PASS">
          <reporter-output>
          </reporter-output>
        </test-method> <!-- tearDownClass -->
      </class> <!-- Parallel.ParallelRun -->
    </test> <!-- Default test -->
  </suite> <!-- Default suite -->
</testng-results>
