<?xml version="1.0" encoding="UTF-8"?>
<!-- Generated by org.testng.reporters.JUnitXMLReporter -->
<testsuite ignored="0" hostname="MSI" failures="0" tests="5" name="Default test" time="15.752" errors="0" timestamp="28 May 2021 06:47:52 GMT">
  <testcase classname="TestCases.Test2" name="verifyLogInfunctionality" time="9.449"/>
  <testcase classname="TestCases.Test2" name="userClickOnMinistatementLink" time="1.146"/>
  <testcase classname="TestCases.Test2" name="userVerifyTransactionDetailsAreDislayedAccourdingToSelectedAccount" time="1.033"/>
  <testcase classname="TestCases.Test2" name="userLogOutFromApplication" time="3.416"/>
  <testcase classname="TestCases.Test2" name="quitDriver" time="0.68"/>
</testsuite> <!-- Default test -->
