<?xml version="1.0" encoding="UTF-8"?>
<!-- Generated by org.testng.reporters.JUnitXMLReporter -->
<testsuite ignored="0" hostname="MSI" failures="1" tests="4" name="Command line test" time="0.083" errors="0" timestamp="08 May 2021 15:58:25 GMT">
  <testcase classname="TestCases.Test1" name="openBrowser" time="0.011"/>
  <testcase classname="TestCases.Test1" name="logIn" time="0.0"/>
  <testcase classname="TestCases.Test1" name="logOut" time="0.001">
    <failure type="junit.framework.ComparisonFailure" message="null expected:&amp;lt;[Mogal]&amp;gt; but was:&amp;lt;[Samrat]&amp;gt;">
      <![CDATA[junit.framework.ComparisonFailure: null expected:<[Mogal]> but was:<[Samrat]>
at junit.framework.Assert.assertEquals(Assert.java:81)
at junit.framework.Assert.assertEquals(Assert.java:87)
at TestCases.Test1.logOut(Test1.java:40)
at java.base/java.util.concurrent.ThreadPoolExecutor.runWorker(ThreadPoolExecutor.java:1128)
at java.base/java.util.concurrent.ThreadPoolExecutor$Worker.run(ThreadPoolExecutor.java:628)
at java.base/java.lang.Thread.run(Thread.java:830)
... Removed 10 stack frames]]>
    </failure>
  </testcase> <!-- logOut -->
  <testcase classname="TestCases.Test1" name="skip" time="0.002">
    <skipped/>
  </testcase> <!-- skip -->
</testsuite> <!-- Command line test -->
