-------------------------------------------------------------------------------
Test set: TestCases.Test1
-------------------------------------------------------------------------------
Tests run: 4, Failures: 1, Errors: 0, Skipped: 1, Time elapsed: 2.163 sec <<< FAILURE!
logOut(TestCases.Test1)  Time elapsed: 0.012 sec  <<< FAILURE!
junit.framework.ComparisonFailure: null expected:<[Mogal]> but was:<[Samrat]>
	at junit.framework.Assert.assertEquals(Assert.java:81)
	at junit.framework.Assert.assertEquals(Assert.java:87)
	at TestCases.Test1.logOut(Test1.java:40)

