<?xml version="1.0" encoding="UTF-8" ?>
<testsuite tests="4" failures="1" name="TestCases.Test1" time="0.024" errors="0" skipped="1">
  <properties>
[...]
</properties>
  <testcase classname="TestCases.Test1" name="openBrowser" time="0.012"/>
  <testcase classname="TestCases.Test1" name="logIn" time="0"/>
  <testcase classname="TestCases.Test1" name="logOut" time="0.012">
    <failure message="null expected:&lt;[Mogal]&gt; but was:&lt;[Samrat]&gt;" type="junit.framework.ComparisonFailure">junit.framework.ComparisonFailure: null expected:&lt;[Mogal]&gt; but was:&lt;[Samrat]&gt;
	at junit.framework.Assert.assertEquals(Assert.java:81)
	at junit.framework.Assert.assertEquals(Assert.java:87)
	at TestCases.Test1.logOut(Test1.java:40)
</failure>
  </testcase>
  <testcase classname="TestCases.Test1" name="skip" time="0">
    <skipped/>
  </testcase>
</testsuite>