<?xml version="1.0" encoding="UTF-8"?>
<testng-results ignored="0" total="4" passed="2" failed="1" skipped="1">
  <reporter-output>
  </reporter-output>
  <suite started-at="2021-05-08T15:58:25Z" name="TestCases.Test1" finished-at="2021-05-08T15:58:25Z" duration-ms="83">
    <groups>
    </groups>
    <test started-at="2021-05-08T15:58:25Z" name="Command line test" finished-at="2021-05-08T15:58:25Z" duration-ms="83">
      <class name="TestCases.Test1">
        <test-method is-config="true" signature="setExtent()[pri:0, instance:TestCases.Test1@4a87761d]" started-at="2021-05-08T15:58:24Z" name="setExtent" finished-at="2021-05-08T15:58:25Z" duration-ms="552" status="PASS">
          <reporter-output>
          </reporter-output>
        </test-method> <!-- setExtent -->
        <test-method signature="openBrowser()[pri:1, instance:TestCases.Test1@4a87761d]" started-at="2021-05-08T15:58:25Z" name="openBrowser" finished-at="2021-05-08T15:58:25Z" duration-ms="11" status="PASS">
          <reporter-output>
          </reporter-output>
        </test-method> <!-- openBrowser -->
        <test-method signature="logIn()[pri:2, instance:TestCases.Test1@4a87761d]" started-at="2021-05-08T15:58:25Z" name="logIn" finished-at="2021-05-08T15:58:25Z" duration-ms="0" status="PASS">
          <reporter-output>
          </reporter-output>
        </test-method> <!-- logIn -->
        <test-method signature="logOut()[pri:3, instance:TestCases.Test1@4a87761d]" started-at="2021-05-08T15:58:25Z" name="logOut" finished-at="2021-05-08T15:58:25Z" duration-ms="1" status="FAIL">
          <exception class="junit.framework.ComparisonFailure">
            <message>
              <![CDATA[null expected:<[Mogal]> but was:<[Samrat]>]]>
            </message>
            <full-stacktrace>
              <![CDATA[junit.framework.ComparisonFailure: null expected:<[Mogal]> but was:<[Samrat]>
at junit.framework.Assert.assertEquals(Assert.java:81)
at junit.framework.Assert.assertEquals(Assert.java:87)
at TestCases.Test1.logOut(Test1.java:40)
at java.base/jdk.internal.reflect.NativeMethodAccessorImpl.invoke0(Native Method)
at java.base/jdk.internal.reflect.NativeMethodAccessorImpl.invoke(NativeMethodAccessorImpl.java:62)
at java.base/jdk.internal.reflect.DelegatingMethodAccessorImpl.invoke(DelegatingMethodAccessorImpl.java:43)
at java.base/java.lang.reflect.Method.invoke(Method.java:567)
at org.testng.internal.MethodInvocationHelper.invokeMethod(MethodInvocationHelper.java:124)
at org.testng.internal.Invoker.invokeMethod(Invoker.java:583)
at org.testng.internal.Invoker.invokeTestMethod(Invoker.java:719)
at org.testng.internal.Invoker.invokeTestMethods(Invoker.java:989)
at org.testng.internal.TestMethodWorker.invokeTestMethods(TestMethodWorker.java:125)
at org.testng.internal.TestMethodWorker.run(TestMethodWorker.java:109)
at java.base/java.util.concurrent.ThreadPoolExecutor.runWorker(ThreadPoolExecutor.java:1128)
at java.base/java.util.concurrent.ThreadPoolExecutor$Worker.run(ThreadPoolExecutor.java:628)
at java.base/java.lang.Thread.run(Thread.java:830)
]]>
            </full-stacktrace>
          </exception> <!-- junit.framework.ComparisonFailure -->
          <reporter-output>
          </reporter-output>
        </test-method> <!-- logOut -->
        <test-method signature="skip()[pri:4, instance:TestCases.Test1@4a87761d]" started-at="2021-05-08T15:58:25Z" name="skip" finished-at="2021-05-08T15:58:25Z" duration-ms="2" status="SKIP">
          <exception class="org.testng.SkipException">
            <message>
              <![CDATA[Skipping this exception]]>
            </message>
            <full-stacktrace>
              <![CDATA[org.testng.SkipException: Skipping this exception
at TestCases.Test1.skip(Test1.java:48)
at java.base/jdk.internal.reflect.NativeMethodAccessorImpl.invoke0(Native Method)
at java.base/jdk.internal.reflect.NativeMethodAccessorImpl.invoke(NativeMethodAccessorImpl.java:62)
at java.base/jdk.internal.reflect.DelegatingMethodAccessorImpl.invoke(DelegatingMethodAccessorImpl.java:43)
at java.base/java.lang.reflect.Method.invoke(Method.java:567)
at org.testng.internal.MethodInvocationHelper.invokeMethod(MethodInvocationHelper.java:124)
at org.testng.internal.Invoker.invokeMethod(Invoker.java:583)
at org.testng.internal.Invoker.invokeTestMethod(Invoker.java:719)
at org.testng.internal.Invoker.invokeTestMethods(Invoker.java:989)
at org.testng.internal.TestMethodWorker.invokeTestMethods(TestMethodWorker.java:125)
at org.testng.internal.TestMethodWorker.run(TestMethodWorker.java:109)
at java.base/java.util.concurrent.ThreadPoolExecutor.runWorker(ThreadPoolExecutor.java:1128)
at java.base/java.util.concurrent.ThreadPoolExecutor$Worker.run(ThreadPoolExecutor.java:628)
at java.base/java.lang.Thread.run(Thread.java:830)
]]>
            </full-stacktrace>
          </exception> <!-- org.testng.SkipException -->
          <reporter-output>
          </reporter-output>
        </test-method> <!-- skip -->
        <test-method is-config="true" signature="endExtend()[pri:0, instance:TestCases.Test1@4a87761d]" started-at="2021-05-08T15:58:25Z" name="endExtend" finished-at="2021-05-08T15:58:25Z" duration-ms="1" status="PASS">
          <reporter-output>
          </reporter-output>
        </test-method> <!-- endExtend -->
      </class> <!-- TestCases.Test1 -->
    </test> <!-- Command line test -->
  </suite> <!-- TestCases.Test1 -->
</testng-results>
