<?xml version="1.0" encoding="UTF-8"?>
<testng-results ignored="0" total="2" passed="2" failed="0" skipped="0">
  <reporter-output>
  </reporter-output>
  <suite started-at="2021-05-29T06:33:46Z" name="TestNGListener" finished-at="2021-05-29T06:34:13Z" duration-ms="26188">
    <groups>
    </groups>
    <test started-at="2021-05-29T06:33:46Z" name="Test" finished-at="2021-05-29T06:34:13Z" duration-ms="26188">
      <class name="TestCases.Test1">
        <test-method is-config="true" signature="setExtent()[pri:0, instance:TestCases.Test1@15bb5034]" started-at="2021-05-29T06:33:46Z" name="setExtent" finished-at="2021-05-29T06:33:46Z" duration-ms="125" status="PASS">
          <reporter-output>
          </reporter-output>
        </test-method> <!-- setExtent -->
        <test-method is-config="true" signature="setExtent()[pri:0, instance:TestCases.Test2@4b741d6d]" started-at="2021-05-29T06:33:46Z" name="setExtent" finished-at="2021-05-29T06:33:46Z" duration-ms="1" status="PASS">
          <reporter-output>
          </reporter-output>
        </test-method> <!-- setExtent -->
        <test-method is-config="true" signature="intiateBrowser()[pri:0, instance:TestCases.Test1@15bb5034]" started-at="2021-05-29T06:33:46Z" name="intiateBrowser" finished-at="2021-05-29T06:33:49Z" duration-ms="2930" status="PASS">
          <reporter-output>
          </reporter-output>
        </test-method> <!-- intiateBrowser -->
        <test-method is-config="true" signature="intiateBrowser()[pri:0, instance:TestCases.Test2@4b741d6d]" started-at="2021-05-29T06:33:49Z" name="intiateBrowser" finished-at="2021-05-29T06:33:51Z" duration-ms="2138" status="PASS">
          <reporter-output>
          </reporter-output>
        </test-method> <!-- intiateBrowser -->
        <test-method signature="openBrowser()[pri:1, instance:TestCases.Test1@15bb5034]" started-at="2021-05-29T06:33:51Z" name="openBrowser" finished-at="2021-05-29T06:33:55Z" duration-ms="3952" status="PASS">
          <reporter-output>
          </reporter-output>
        </test-method> <!-- openBrowser -->
        <test-method is-config="true" signature="quitDriver()[pri:0, instance:TestCases.Test1@15bb5034]" started-at="2021-05-29T06:34:12Z" name="quitDriver" finished-at="2021-05-29T06:34:13Z" duration-ms="677" status="PASS">
          <reporter-output>
          </reporter-output>
        </test-method> <!-- quitDriver -->
        <test-method is-config="true" signature="quitDriver()[pri:0, instance:TestCases.Test2@4b741d6d]" started-at="2021-05-29T06:34:13Z" name="quitDriver" finished-at="2021-05-29T06:34:13Z" duration-ms="0" status="PASS">
          <reporter-output>
          </reporter-output>
        </test-method> <!-- quitDriver -->
        <test-method is-config="true" signature="endExtend()[pri:0, instance:TestCases.Test1@15bb5034]" started-at="2021-05-29T06:34:13Z" name="endExtend" finished-at="2021-05-29T06:34:13Z" duration-ms="275" status="PASS">
          <reporter-output>
          </reporter-output>
        </test-method> <!-- endExtend -->
        <test-method is-config="true" signature="endExtend()[pri:0, instance:TestCases.Test2@4b741d6d]" started-at="2021-05-29T06:34:13Z" name="endExtend" finished-at="2021-05-29T06:34:13Z" duration-ms="48" status="PASS">
          <reporter-output>
          </reporter-output>
        </test-method> <!-- endExtend -->
      </class> <!-- TestCases.Test1 -->
      <class name="TestCases.Test2">
        <test-method signature="verifyLogInfunctionality()[pri:1, instance:TestCases.Test2@4b741d6d]" started-at="2021-05-29T06:34:04Z" name="verifyLogInfunctionality" finished-at="2021-05-29T06:34:12Z" duration-ms="7963" status="PASS">
          <reporter-output>
          </reporter-output>
        </test-method> <!-- verifyLogInfunctionality -->
      </class> <!-- TestCases.Test2 -->
    </test> <!-- Test -->
  </suite> <!-- TestNGListener -->
</testng-results>
